The system is: Linux - 3.16.5-gentoo - x86_64
Compiling the C compiler identification source file "CMakeCCompilerId.c" succeeded.
Compiler: /usr/bin/cc 
Build flags: 
Id flags: 

The output was:
0


Compilation of the C compiler identification source "CMakeCCompilerId.c" produced "a.out"

The C compiler identification is GNU, found in "/home/mylxiaoyi/ros_catkin_ws/src/osrf-sdformat-3b14107b84ed/build/CMakeFiles/2.8.12.2/CompilerIdC/a.out"

Compiling the CXX compiler identification source file "CMakeCXXCompilerId.cpp" succeeded.
Compiler: /usr/bin/c++ 
Build flags: 
Id flags: 

The output was:
0


Compilation of the CXX compiler identification source "CMakeCXXCompilerId.cpp" produced "a.out"

The CXX compiler identification is GNU, found in "/home/mylxiaoyi/ros_catkin_ws/src/osrf-sdformat-3b14107b84ed/build/CMakeFiles/2.8.12.2/CompilerIdCXX/a.out"

Determining if the C compiler works passed with the following output:
Change Dir: /home/mylxiaoyi/ros_catkin_ws/src/osrf-sdformat-3b14107b84ed/build/CMakeFiles/CMakeTmp

Run Build Command:/usr/bin/gmake "cmTryCompileExec2737371793/fast"
/usr/bin/gmake -f CMakeFiles/cmTryCompileExec2737371793.dir/build.make CMakeFiles/cmTryCompileExec2737371793.dir/build
gmake[1]: Entering directory '/home/mylxiaoyi/ros_catkin_ws/src/osrf-sdformat-3b14107b84ed/build/CMakeFiles/CMakeTmp'
/usr/bin/cmake -E cmake_progress_report /home/mylxiaoyi/ros_catkin_ws/src/osrf-sdformat-3b14107b84ed/build/CMakeFiles/CMakeTmp/CMakeFiles 1
Building C object CMakeFiles/cmTryCompileExec2737371793.dir/testCCompiler.c.o
/usr/bin/cc    -o CMakeFiles/cmTryCompileExec2737371793.dir/testCCompiler.c.o   -c /home/mylxiaoyi/ros_catkin_ws/src/osrf-sdformat-3b14107b84ed/build/CMakeFiles/CMakeTmp/testCCompiler.c
Linking C executable cmTryCompileExec2737371793
/usr/bin/cmake -E cmake_link_script CMakeFiles/cmTryCompileExec2737371793.dir/link.txt --verbose=1
/usr/bin/cc       CMakeFiles/cmTryCompileExec2737371793.dir/testCCompiler.c.o  -o cmTryCompileExec2737371793 -rdynamic 
gmake[1]: Leaving directory '/home/mylxiaoyi/ros_catkin_ws/src/osrf-sdformat-3b14107b84ed/build/CMakeFiles/CMakeTmp'


Detecting C compiler ABI info compiled with the following output:
Change Dir: /home/mylxiaoyi/ros_catkin_ws/src/osrf-sdformat-3b14107b84ed/build/CMakeFiles/CMakeTmp

Run Build Command:/usr/bin/gmake "cmTryCompileExec1572640241/fast"
/usr/bin/gmake -f CMakeFiles/cmTryCompileExec1572640241.dir/build.make CMakeFiles/cmTryCompileExec1572640241.dir/build
gmake[1]: Entering directory '/home/mylxiaoyi/ros_catkin_ws/src/osrf-sdformat-3b14107b84ed/build/CMakeFiles/CMakeTmp'
/usr/bin/cmake -E cmake_progress_report /home/mylxiaoyi/ros_catkin_ws/src/osrf-sdformat-3b14107b84ed/build/CMakeFiles/CMakeTmp/CMakeFiles 1
Building C object CMakeFiles/cmTryCompileExec1572640241.dir/CMakeCCompilerABI.c.o
/usr/bin/cc    -o CMakeFiles/cmTryCompileExec1572640241.dir/CMakeCCompilerABI.c.o   -c /usr/share/cmake/Modules/CMakeCCompilerABI.c
Linking C executable cmTryCompileExec1572640241
/usr/bin/cmake -E cmake_link_script CMakeFiles/cmTryCompileExec1572640241.dir/link.txt --verbose=1
/usr/bin/cc     -v CMakeFiles/cmTryCompileExec1572640241.dir/CMakeCCompilerABI.c.o  -o cmTryCompileExec1572640241 -rdynamic  
使用内建 specs。
COLLECT_GCC=/usr/x86_64-pc-linux-gnu/gcc-bin/4.7.3/gcc
COLLECT_LTO_WRAPPER=/usr/libexec/gcc/x86_64-pc-linux-gnu/4.7.3/lto-wrapper
目标：x86_64-pc-linux-gnu
配置为：/var/tmp/portage/sys-devel/gcc-4.7.3-r1/work/gcc-4.7.3/configure --host=x86_64-pc-linux-gnu --build=x86_64-pc-linux-gnu --prefix=/usr --bindir=/usr/x86_64-pc-linux-gnu/gcc-bin/4.7.3 --includedir=/usr/lib/gcc/x86_64-pc-linux-gnu/4.7.3/include --datadir=/usr/share/gcc-data/x86_64-pc-linux-gnu/4.7.3 --mandir=/usr/share/gcc-data/x86_64-pc-linux-gnu/4.7.3/man --infodir=/usr/share/gcc-data/x86_64-pc-linux-gnu/4.7.3/info --with-gxx-include-dir=/usr/lib/gcc/x86_64-pc-linux-gnu/4.7.3/include/g++-v4 --with-python-dir=/share/gcc-data/x86_64-pc-linux-gnu/4.7.3/python --enable-languages=c,c++,fortran --enable-obsolete --enable-secureplt --disable-werror --with-system-zlib --enable-nls --without-included-gettext --enable-checking=release --with-bugurl=https://bugs.gentoo.org/ --with-pkgversion='Gentoo 4.7.3-r1 p1.4, pie-0.5.5' --enable-libstdcxx-time --enable-shared --enable-threads=posix --enable-__cxa_atexit --enable-clocale=gnu --enable-multilib --with-multilib-list=m32,m64 --disable-altivec --disable-fixed-point --enable-targets=all --disable-libgcj --enable-libgomp --disable-libmudflap --disable-libssp --enable-lto --without-cloog --without-ppl
线程模型：posix
gcc 版本 4.7.3 (Gentoo 4.7.3-r1 p1.4, pie-0.5.5) 
COMPILER_PATH=/usr/libexec/gcc/x86_64-pc-linux-gnu/4.7.3/:/usr/libexec/gcc/x86_64-pc-linux-gnu/4.7.3/:/usr/libexec/gcc/x86_64-pc-linux-gnu/:/usr/lib/gcc/x86_64-pc-linux-gnu/4.7.3/:/usr/lib/gcc/x86_64-pc-linux-gnu/:/usr/lib/gcc/x86_64-pc-linux-gnu/4.7.3/../../../../x86_64-pc-linux-gnu/bin/
LIBRARY_PATH=/usr/lib/gcc/x86_64-pc-linux-gnu/4.7.3/:/usr/lib/gcc/x86_64-pc-linux-gnu/4.7.3/../../../../lib64/:/lib/../lib64/:/usr/lib/../lib64/:/usr/lib/gcc/x86_64-pc-linux-gnu/4.7.3/../../../../x86_64-pc-linux-gnu/lib/:/usr/lib/gcc/x86_64-pc-linux-gnu/4.7.3/../../../:/lib/:/usr/lib/
COLLECT_GCC_OPTIONS='-v' '-o' 'cmTryCompileExec1572640241' '-rdynamic' '-mtune=generic' '-march=x86-64'
 /usr/libexec/gcc/x86_64-pc-linux-gnu/4.7.3/collect2 --eh-frame-hdr -m elf_x86_64 -export-dynamic -dynamic-linker /lib64/ld-linux-x86-64.so.2 -o cmTryCompileExec1572640241 /usr/lib/gcc/x86_64-pc-linux-gnu/4.7.3/../../../../lib64/crt1.o /usr/lib/gcc/x86_64-pc-linux-gnu/4.7.3/../../../../lib64/crti.o /usr/lib/gcc/x86_64-pc-linux-gnu/4.7.3/crtbegin.o -L/usr/lib/gcc/x86_64-pc-linux-gnu/4.7.3 -L/usr/lib/gcc/x86_64-pc-linux-gnu/4.7.3/../../../../lib64 -L/lib/../lib64 -L/usr/lib/../lib64 -L/usr/lib/gcc/x86_64-pc-linux-gnu/4.7.3/../../../../x86_64-pc-linux-gnu/lib -L/usr/lib/gcc/x86_64-pc-linux-gnu/4.7.3/../../.. CMakeFiles/cmTryCompileExec1572640241.dir/CMakeCCompilerABI.c.o -lgcc --as-needed -lgcc_s --no-as-needed -lc -lgcc --as-needed -lgcc_s --no-as-needed /usr/lib/gcc/x86_64-pc-linux-gnu/4.7.3/crtend.o /usr/lib/gcc/x86_64-pc-linux-gnu/4.7.3/../../../../lib64/crtn.o
gmake[1]: Leaving directory '/home/mylxiaoyi/ros_catkin_ws/src/osrf-sdformat-3b14107b84ed/build/CMakeFiles/CMakeTmp'


Parsed C implicit link information from above output:
  link line regex: [^( *|.*[/\])(ld|([^/\]+-)?ld|collect2)[^/\]*( |$)]
  ignore line: [Change Dir: /home/mylxiaoyi/ros_catkin_ws/src/osrf-sdformat-3b14107b84ed/build/CMakeFiles/CMakeTmp]
  ignore line: []
  ignore line: [Run Build Command:/usr/bin/gmake "cmTryCompileExec1572640241/fast"]
  ignore line: [/usr/bin/gmake -f CMakeFiles/cmTryCompileExec1572640241.dir/build.make CMakeFiles/cmTryCompileExec1572640241.dir/build]
  ignore line: [gmake[1]: Entering directory '/home/mylxiaoyi/ros_catkin_ws/src/osrf-sdformat-3b14107b84ed/build/CMakeFiles/CMakeTmp']
  ignore line: [/usr/bin/cmake -E cmake_progress_report /home/mylxiaoyi/ros_catkin_ws/src/osrf-sdformat-3b14107b84ed/build/CMakeFiles/CMakeTmp/CMakeFiles 1]
  ignore line: [Building C object CMakeFiles/cmTryCompileExec1572640241.dir/CMakeCCompilerABI.c.o]
  ignore line: [/usr/bin/cc    -o CMakeFiles/cmTryCompileExec1572640241.dir/CMakeCCompilerABI.c.o   -c /usr/share/cmake/Modules/CMakeCCompilerABI.c]
  ignore line: [Linking C executable cmTryCompileExec1572640241]
  ignore line: [/usr/bin/cmake -E cmake_link_script CMakeFiles/cmTryCompileExec1572640241.dir/link.txt --verbose=1]
  ignore line: [/usr/bin/cc     -v CMakeFiles/cmTryCompileExec1572640241.dir/CMakeCCompilerABI.c.o  -o cmTryCompileExec1572640241 -rdynamic  ]
  ignore line: [使用内建 specs。]
  ignore line: [COLLECT_GCC=/usr/x86_64-pc-linux-gnu/gcc-bin/4.7.3/gcc]
  ignore line: [COLLECT_LTO_WRAPPER=/usr/libexec/gcc/x86_64-pc-linux-gnu/4.7.3/lto-wrapper]
  ignore line: [目标：x86_64-pc-linux-gnu]
  ignore line: [配置为：/var/tmp/portage/sys-devel/gcc-4.7.3-r1/work/gcc-4.7.3/configure --host=x86_64-pc-linux-gnu --build=x86_64-pc-linux-gnu --prefix=/usr --bindir=/usr/x86_64-pc-linux-gnu/gcc-bin/4.7.3 --includedir=/usr/lib/gcc/x86_64-pc-linux-gnu/4.7.3/include --datadir=/usr/share/gcc-data/x86_64-pc-linux-gnu/4.7.3 --mandir=/usr/share/gcc-data/x86_64-pc-linux-gnu/4.7.3/man --infodir=/usr/share/gcc-data/x86_64-pc-linux-gnu/4.7.3/info --with-gxx-include-dir=/usr/lib/gcc/x86_64-pc-linux-gnu/4.7.3/include/g++-v4 --with-python-dir=/share/gcc-data/x86_64-pc-linux-gnu/4.7.3/python --enable-languages=c,c++,fortran --enable-obsolete --enable-secureplt --disable-werror --with-system-zlib --enable-nls --without-included-gettext --enable-checking=release --with-bugurl=https://bugs.gentoo.org/ --with-pkgversion='Gentoo 4.7.3-r1 p1.4, pie-0.5.5' --enable-libstdcxx-time --enable-shared --enable-threads=posix --enable-__cxa_atexit --enable-clocale=gnu --enable-multilib --with-multilib-list=m32,m64 --disable-altivec --disable-fixed-point --enable-targets=all --disable-libgcj --enable-libgomp --disable-libmudflap --disable-libssp --enable-lto --without-cloog --without-ppl]
  ignore line: [线程模型：posix]
  ignore line: [gcc 版本 4.7.3 (Gentoo 4.7.3-r1 p1.4, pie-0.5.5) ]
  ignore line: [COMPILER_PATH=/usr/libexec/gcc/x86_64-pc-linux-gnu/4.7.3/:/usr/libexec/gcc/x86_64-pc-linux-gnu/4.7.3/:/usr/libexec/gcc/x86_64-pc-linux-gnu/:/usr/lib/gcc/x86_64-pc-linux-gnu/4.7.3/:/usr/lib/gcc/x86_64-pc-linux-gnu/:/usr/lib/gcc/x86_64-pc-linux-gnu/4.7.3/../../../../x86_64-pc-linux-gnu/bin/]
  ignore line: [LIBRARY_PATH=/usr/lib/gcc/x86_64-pc-linux-gnu/4.7.3/:/usr/lib/gcc/x86_64-pc-linux-gnu/4.7.3/../../../../lib64/:/lib/../lib64/:/usr/lib/../lib64/:/usr/lib/gcc/x86_64-pc-linux-gnu/4.7.3/../../../../x86_64-pc-linux-gnu/lib/:/usr/lib/gcc/x86_64-pc-linux-gnu/4.7.3/../../../:/lib/:/usr/lib/]
  ignore line: [COLLECT_GCC_OPTIONS='-v' '-o' 'cmTryCompileExec1572640241' '-rdynamic' '-mtune=generic' '-march=x86-64']
  link line: [ /usr/libexec/gcc/x86_64-pc-linux-gnu/4.7.3/collect2 --eh-frame-hdr -m elf_x86_64 -export-dynamic -dynamic-linker /lib64/ld-linux-x86-64.so.2 -o cmTryCompileExec1572640241 /usr/lib/gcc/x86_64-pc-linux-gnu/4.7.3/../../../../lib64/crt1.o /usr/lib/gcc/x86_64-pc-linux-gnu/4.7.3/../../../../lib64/crti.o /usr/lib/gcc/x86_64-pc-linux-gnu/4.7.3/crtbegin.o -L/usr/lib/gcc/x86_64-pc-linux-gnu/4.7.3 -L/usr/lib/gcc/x86_64-pc-linux-gnu/4.7.3/../../../../lib64 -L/lib/../lib64 -L/usr/lib/../lib64 -L/usr/lib/gcc/x86_64-pc-linux-gnu/4.7.3/../../../../x86_64-pc-linux-gnu/lib -L/usr/lib/gcc/x86_64-pc-linux-gnu/4.7.3/../../.. CMakeFiles/cmTryCompileExec1572640241.dir/CMakeCCompilerABI.c.o -lgcc --as-needed -lgcc_s --no-as-needed -lc -lgcc --as-needed -lgcc_s --no-as-needed /usr/lib/gcc/x86_64-pc-linux-gnu/4.7.3/crtend.o /usr/lib/gcc/x86_64-pc-linux-gnu/4.7.3/../../../../lib64/crtn.o]
    arg [/usr/libexec/gcc/x86_64-pc-linux-gnu/4.7.3/collect2] ==> ignore
    arg [--eh-frame-hdr] ==> ignore
    arg [-m] ==> ignore
    arg [elf_x86_64] ==> ignore
    arg [-export-dynamic] ==> ignore
    arg [-dynamic-linker] ==> ignore
    arg [/lib64/ld-linux-x86-64.so.2] ==> ignore
    arg [-o] ==> ignore
    arg [cmTryCompileExec1572640241] ==> ignore
    arg [/usr/lib/gcc/x86_64-pc-linux-gnu/4.7.3/../../../../lib64/crt1.o] ==> ignore
    arg [/usr/lib/gcc/x86_64-pc-linux-gnu/4.7.3/../../../../lib64/crti.o] ==> ignore
    arg [/usr/lib/gcc/x86_64-pc-linux-gnu/4.7.3/crtbegin.o] ==> ignore
    arg [-L/usr/lib/gcc/x86_64-pc-linux-gnu/4.7.3] ==> dir [/usr/lib/gcc/x86_64-pc-linux-gnu/4.7.3]
    arg [-L/usr/lib/gcc/x86_64-pc-linux-gnu/4.7.3/../../../../lib64] ==> dir [/usr/lib/gcc/x86_64-pc-linux-gnu/4.7.3/../../../../lib64]
    arg [-L/lib/../lib64] ==> dir [/lib/../lib64]
    arg [-L/usr/lib/../lib64] ==> dir [/usr/lib/../lib64]
    arg [-L/usr/lib/gcc/x86_64-pc-linux-gnu/4.7.3/../../../../x86_64-pc-linux-gnu/lib] ==> dir [/usr/lib/gcc/x86_64-pc-linux-gnu/4.7.3/../../../../x86_64-pc-linux-gnu/lib]
    arg [-L/usr/lib/gcc/x86_64-pc-linux-gnu/4.7.3/../../..] ==> dir [/usr/lib/gcc/x86_64-pc-linux-gnu/4.7.3/../../..]
    arg [CMakeFiles/cmTryCompileExec1572640241.dir/CMakeCCompilerABI.c.o] ==> ignore
    arg [-lgcc] ==> lib [gcc]
    arg [--as-needed] ==> ignore
    arg [-lgcc_s] ==> lib [gcc_s]
    arg [--no-as-needed] ==> ignore
    arg [-lc] ==> lib [c]
    arg [-lgcc] ==> lib [gcc]
    arg [--as-needed] ==> ignore
    arg [-lgcc_s] ==> lib [gcc_s]
    arg [--no-as-needed] ==> ignore
    arg [/usr/lib/gcc/x86_64-pc-linux-gnu/4.7.3/crtend.o] ==> ignore
    arg [/usr/lib/gcc/x86_64-pc-linux-gnu/4.7.3/../../../../lib64/crtn.o] ==> ignore
  remove lib [gcc]
  remove lib [gcc_s]
  remove lib [gcc]
  remove lib [gcc_s]
  collapse library dir [/usr/lib/gcc/x86_64-pc-linux-gnu/4.7.3] ==> [/usr/lib/gcc/x86_64-pc-linux-gnu/4.7.3]
  collapse library dir [/usr/lib/gcc/x86_64-pc-linux-gnu/4.7.3/../../../../lib64] ==> [/usr/lib64]
  collapse library dir [/lib/../lib64] ==> [/lib64]
  collapse library dir [/usr/lib/../lib64] ==> [/usr/lib64]
  collapse library dir [/usr/lib/gcc/x86_64-pc-linux-gnu/4.7.3/../../../../x86_64-pc-linux-gnu/lib] ==> [/usr/x86_64-pc-linux-gnu/lib]
  collapse library dir [/usr/lib/gcc/x86_64-pc-linux-gnu/4.7.3/../../..] ==> [/usr/lib]
  implicit libs: [c]
  implicit dirs: [/usr/lib/gcc/x86_64-pc-linux-gnu/4.7.3;/usr/lib64;/lib64;/usr/x86_64-pc-linux-gnu/lib;/usr/lib]
  implicit fwks: []


Determining if the CXX compiler works passed with the following output:
Change Dir: /home/mylxiaoyi/ros_catkin_ws/src/osrf-sdformat-3b14107b84ed/build/CMakeFiles/CMakeTmp

Run Build Command:/usr/bin/gmake "cmTryCompileExec4292612165/fast"
/usr/bin/gmake -f CMakeFiles/cmTryCompileExec4292612165.dir/build.make CMakeFiles/cmTryCompileExec4292612165.dir/build
gmake[1]: Entering directory '/home/mylxiaoyi/ros_catkin_ws/src/osrf-sdformat-3b14107b84ed/build/CMakeFiles/CMakeTmp'
/usr/bin/cmake -E cmake_progress_report /home/mylxiaoyi/ros_catkin_ws/src/osrf-sdformat-3b14107b84ed/build/CMakeFiles/CMakeTmp/CMakeFiles 1
Building CXX object CMakeFiles/cmTryCompileExec4292612165.dir/testCXXCompiler.cxx.o
/usr/bin/c++     -o CMakeFiles/cmTryCompileExec4292612165.dir/testCXXCompiler.cxx.o -c /home/mylxiaoyi/ros_catkin_ws/src/osrf-sdformat-3b14107b84ed/build/CMakeFiles/CMakeTmp/testCXXCompiler.cxx
Linking CXX executable cmTryCompileExec4292612165
/usr/bin/cmake -E cmake_link_script CMakeFiles/cmTryCompileExec4292612165.dir/link.txt --verbose=1
/usr/bin/c++        CMakeFiles/cmTryCompileExec4292612165.dir/testCXXCompiler.cxx.o  -o cmTryCompileExec4292612165 -rdynamic 
gmake[1]: Leaving directory '/home/mylxiaoyi/ros_catkin_ws/src/osrf-sdformat-3b14107b84ed/build/CMakeFiles/CMakeTmp'


Detecting CXX compiler ABI info compiled with the following output:
Change Dir: /home/mylxiaoyi/ros_catkin_ws/src/osrf-sdformat-3b14107b84ed/build/CMakeFiles/CMakeTmp

Run Build Command:/usr/bin/gmake "cmTryCompileExec3240950255/fast"
/usr/bin/gmake -f CMakeFiles/cmTryCompileExec3240950255.dir/build.make CMakeFiles/cmTryCompileExec3240950255.dir/build
gmake[1]: Entering directory '/home/mylxiaoyi/ros_catkin_ws/src/osrf-sdformat-3b14107b84ed/build/CMakeFiles/CMakeTmp'
/usr/bin/cmake -E cmake_progress_report /home/mylxiaoyi/ros_catkin_ws/src/osrf-sdformat-3b14107b84ed/build/CMakeFiles/CMakeTmp/CMakeFiles 1
Building CXX object CMakeFiles/cmTryCompileExec3240950255.dir/CMakeCXXCompilerABI.cpp.o
/usr/bin/c++     -o CMakeFiles/cmTryCompileExec3240950255.dir/CMakeCXXCompilerABI.cpp.o -c /usr/share/cmake/Modules/CMakeCXXCompilerABI.cpp
Linking CXX executable cmTryCompileExec3240950255
/usr/bin/cmake -E cmake_link_script CMakeFiles/cmTryCompileExec3240950255.dir/link.txt --verbose=1
/usr/bin/c++      -v CMakeFiles/cmTryCompileExec3240950255.dir/CMakeCXXCompilerABI.cpp.o  -o cmTryCompileExec3240950255 -rdynamic  
使用内建 specs。
COLLECT_GCC=/usr/x86_64-pc-linux-gnu/gcc-bin/4.7.3/c++
COLLECT_LTO_WRAPPER=/usr/libexec/gcc/x86_64-pc-linux-gnu/4.7.3/lto-wrapper
目标：x86_64-pc-linux-gnu
配置为：/var/tmp/portage/sys-devel/gcc-4.7.3-r1/work/gcc-4.7.3/configure --host=x86_64-pc-linux-gnu --build=x86_64-pc-linux-gnu --prefix=/usr --bindir=/usr/x86_64-pc-linux-gnu/gcc-bin/4.7.3 --includedir=/usr/lib/gcc/x86_64-pc-linux-gnu/4.7.3/include --datadir=/usr/share/gcc-data/x86_64-pc-linux-gnu/4.7.3 --mandir=/usr/share/gcc-data/x86_64-pc-linux-gnu/4.7.3/man --infodir=/usr/share/gcc-data/x86_64-pc-linux-gnu/4.7.3/info --with-gxx-include-dir=/usr/lib/gcc/x86_64-pc-linux-gnu/4.7.3/include/g++-v4 --with-python-dir=/share/gcc-data/x86_64-pc-linux-gnu/4.7.3/python --enable-languages=c,c++,fortran --enable-obsolete --enable-secureplt --disable-werror --with-system-zlib --enable-nls --without-included-gettext --enable-checking=release --with-bugurl=https://bugs.gentoo.org/ --with-pkgversion='Gentoo 4.7.3-r1 p1.4, pie-0.5.5' --enable-libstdcxx-time --enable-shared --enable-threads=posix --enable-__cxa_atexit --enable-clocale=gnu --enable-multilib --with-multilib-list=m32,m64 --disable-altivec --disable-fixed-point --enable-targets=all --disable-libgcj --enable-libgomp --disable-libmudflap --disable-libssp --enable-lto --without-cloog --without-ppl
线程模型：posix
gcc 版本 4.7.3 (Gentoo 4.7.3-r1 p1.4, pie-0.5.5) 
COMPILER_PATH=/usr/libexec/gcc/x86_64-pc-linux-gnu/4.7.3/:/usr/libexec/gcc/x86_64-pc-linux-gnu/4.7.3/:/usr/libexec/gcc/x86_64-pc-linux-gnu/:/usr/lib/gcc/x86_64-pc-linux-gnu/4.7.3/:/usr/lib/gcc/x86_64-pc-linux-gnu/:/usr/lib/gcc/x86_64-pc-linux-gnu/4.7.3/../../../../x86_64-pc-linux-gnu/bin/
LIBRARY_PATH=/usr/lib/gcc/x86_64-pc-linux-gnu/4.7.3/:/usr/lib/gcc/x86_64-pc-linux-gnu/4.7.3/../../../../lib64/:/lib/../lib64/:/usr/lib/../lib64/:/usr/lib/gcc/x86_64-pc-linux-gnu/4.7.3/../../../../x86_64-pc-linux-gnu/lib/:/usr/lib/gcc/x86_64-pc-linux-gnu/4.7.3/../../../:/lib/:/usr/lib/
COLLECT_GCC_OPTIONS='-v' '-o' 'cmTryCompileExec3240950255' '-rdynamic' '-shared-libgcc' '-mtune=generic' '-march=x86-64'
 /usr/libexec/gcc/x86_64-pc-linux-gnu/4.7.3/collect2 --eh-frame-hdr -m elf_x86_64 -export-dynamic -dynamic-linker /lib64/ld-linux-x86-64.so.2 -o cmTryCompileExec3240950255 /usr/lib/gcc/x86_64-pc-linux-gnu/4.7.3/../../../../lib64/crt1.o /usr/lib/gcc/x86_64-pc-linux-gnu/4.7.3/../../../../lib64/crti.o /usr/lib/gcc/x86_64-pc-linux-gnu/4.7.3/crtbegin.o -L/usr/lib/gcc/x86_64-pc-linux-gnu/4.7.3 -L/usr/lib/gcc/x86_64-pc-linux-gnu/4.7.3/../../../../lib64 -L/lib/../lib64 -L/usr/lib/../lib64 -L/usr/lib/gcc/x86_64-pc-linux-gnu/4.7.3/../../../../x86_64-pc-linux-gnu/lib -L/usr/lib/gcc/x86_64-pc-linux-gnu/4.7.3/../../.. CMakeFiles/cmTryCompileExec3240950255.dir/CMakeCXXCompilerABI.cpp.o -lstdc++ -lm -lgcc_s -lgcc -lc -lgcc_s -lgcc /usr/lib/gcc/x86_64-pc-linux-gnu/4.7.3/crtend.o /usr/lib/gcc/x86_64-pc-linux-gnu/4.7.3/../../../../lib64/crtn.o
gmake[1]: Leaving directory '/home/mylxiaoyi/ros_catkin_ws/src/osrf-sdformat-3b14107b84ed/build/CMakeFiles/CMakeTmp'


Parsed CXX implicit link information from above output:
  link line regex: [^( *|.*[/\])(ld|([^/\]+-)?ld|collect2)[^/\]*( |$)]
  ignore line: [Change Dir: /home/mylxiaoyi/ros_catkin_ws/src/osrf-sdformat-3b14107b84ed/build/CMakeFiles/CMakeTmp]
  ignore line: []
  ignore line: [Run Build Command:/usr/bin/gmake "cmTryCompileExec3240950255/fast"]
  ignore line: [/usr/bin/gmake -f CMakeFiles/cmTryCompileExec3240950255.dir/build.make CMakeFiles/cmTryCompileExec3240950255.dir/build]
  ignore line: [gmake[1]: Entering directory '/home/mylxiaoyi/ros_catkin_ws/src/osrf-sdformat-3b14107b84ed/build/CMakeFiles/CMakeTmp']
  ignore line: [/usr/bin/cmake -E cmake_progress_report /home/mylxiaoyi/ros_catkin_ws/src/osrf-sdformat-3b14107b84ed/build/CMakeFiles/CMakeTmp/CMakeFiles 1]
  ignore line: [Building CXX object CMakeFiles/cmTryCompileExec3240950255.dir/CMakeCXXCompilerABI.cpp.o]
  ignore line: [/usr/bin/c++     -o CMakeFiles/cmTryCompileExec3240950255.dir/CMakeCXXCompilerABI.cpp.o -c /usr/share/cmake/Modules/CMakeCXXCompilerABI.cpp]
  ignore line: [Linking CXX executable cmTryCompileExec3240950255]
  ignore line: [/usr/bin/cmake -E cmake_link_script CMakeFiles/cmTryCompileExec3240950255.dir/link.txt --verbose=1]
  ignore line: [/usr/bin/c++      -v CMakeFiles/cmTryCompileExec3240950255.dir/CMakeCXXCompilerABI.cpp.o  -o cmTryCompileExec3240950255 -rdynamic  ]
  ignore line: [使用内建 specs。]
  ignore line: [COLLECT_GCC=/usr/x86_64-pc-linux-gnu/gcc-bin/4.7.3/c++]
  ignore line: [COLLECT_LTO_WRAPPER=/usr/libexec/gcc/x86_64-pc-linux-gnu/4.7.3/lto-wrapper]
  ignore line: [目标：x86_64-pc-linux-gnu]
  ignore line: [配置为：/var/tmp/portage/sys-devel/gcc-4.7.3-r1/work/gcc-4.7.3/configure --host=x86_64-pc-linux-gnu --build=x86_64-pc-linux-gnu --prefix=/usr --bindir=/usr/x86_64-pc-linux-gnu/gcc-bin/4.7.3 --includedir=/usr/lib/gcc/x86_64-pc-linux-gnu/4.7.3/include --datadir=/usr/share/gcc-data/x86_64-pc-linux-gnu/4.7.3 --mandir=/usr/share/gcc-data/x86_64-pc-linux-gnu/4.7.3/man --infodir=/usr/share/gcc-data/x86_64-pc-linux-gnu/4.7.3/info --with-gxx-include-dir=/usr/lib/gcc/x86_64-pc-linux-gnu/4.7.3/include/g++-v4 --with-python-dir=/share/gcc-data/x86_64-pc-linux-gnu/4.7.3/python --enable-languages=c,c++,fortran --enable-obsolete --enable-secureplt --disable-werror --with-system-zlib --enable-nls --without-included-gettext --enable-checking=release --with-bugurl=https://bugs.gentoo.org/ --with-pkgversion='Gentoo 4.7.3-r1 p1.4, pie-0.5.5' --enable-libstdcxx-time --enable-shared --enable-threads=posix --enable-__cxa_atexit --enable-clocale=gnu --enable-multilib --with-multilib-list=m32,m64 --disable-altivec --disable-fixed-point --enable-targets=all --disable-libgcj --enable-libgomp --disable-libmudflap --disable-libssp --enable-lto --without-cloog --without-ppl]
  ignore line: [线程模型：posix]
  ignore line: [gcc 版本 4.7.3 (Gentoo 4.7.3-r1 p1.4, pie-0.5.5) ]
  ignore line: [COMPILER_PATH=/usr/libexec/gcc/x86_64-pc-linux-gnu/4.7.3/:/usr/libexec/gcc/x86_64-pc-linux-gnu/4.7.3/:/usr/libexec/gcc/x86_64-pc-linux-gnu/:/usr/lib/gcc/x86_64-pc-linux-gnu/4.7.3/:/usr/lib/gcc/x86_64-pc-linux-gnu/:/usr/lib/gcc/x86_64-pc-linux-gnu/4.7.3/../../../../x86_64-pc-linux-gnu/bin/]
  ignore line: [LIBRARY_PATH=/usr/lib/gcc/x86_64-pc-linux-gnu/4.7.3/:/usr/lib/gcc/x86_64-pc-linux-gnu/4.7.3/../../../../lib64/:/lib/../lib64/:/usr/lib/../lib64/:/usr/lib/gcc/x86_64-pc-linux-gnu/4.7.3/../../../../x86_64-pc-linux-gnu/lib/:/usr/lib/gcc/x86_64-pc-linux-gnu/4.7.3/../../../:/lib/:/usr/lib/]
  ignore line: [COLLECT_GCC_OPTIONS='-v' '-o' 'cmTryCompileExec3240950255' '-rdynamic' '-shared-libgcc' '-mtune=generic' '-march=x86-64']
  link line: [ /usr/libexec/gcc/x86_64-pc-linux-gnu/4.7.3/collect2 --eh-frame-hdr -m elf_x86_64 -export-dynamic -dynamic-linker /lib64/ld-linux-x86-64.so.2 -o cmTryCompileExec3240950255 /usr/lib/gcc/x86_64-pc-linux-gnu/4.7.3/../../../../lib64/crt1.o /usr/lib/gcc/x86_64-pc-linux-gnu/4.7.3/../../../../lib64/crti.o /usr/lib/gcc/x86_64-pc-linux-gnu/4.7.3/crtbegin.o -L/usr/lib/gcc/x86_64-pc-linux-gnu/4.7.3 -L/usr/lib/gcc/x86_64-pc-linux-gnu/4.7.3/../../../../lib64 -L/lib/../lib64 -L/usr/lib/../lib64 -L/usr/lib/gcc/x86_64-pc-linux-gnu/4.7.3/../../../../x86_64-pc-linux-gnu/lib -L/usr/lib/gcc/x86_64-pc-linux-gnu/4.7.3/../../.. CMakeFiles/cmTryCompileExec3240950255.dir/CMakeCXXCompilerABI.cpp.o -lstdc++ -lm -lgcc_s -lgcc -lc -lgcc_s -lgcc /usr/lib/gcc/x86_64-pc-linux-gnu/4.7.3/crtend.o /usr/lib/gcc/x86_64-pc-linux-gnu/4.7.3/../../../../lib64/crtn.o]
    arg [/usr/libexec/gcc/x86_64-pc-linux-gnu/4.7.3/collect2] ==> ignore
    arg [--eh-frame-hdr] ==> ignore
    arg [-m] ==> ignore
    arg [elf_x86_64] ==> ignore
    arg [-export-dynamic] ==> ignore
    arg [-dynamic-linker] ==> ignore
    arg [/lib64/ld-linux-x86-64.so.2] ==> ignore
    arg [-o] ==> ignore
    arg [cmTryCompileExec3240950255] ==> ignore
    arg [/usr/lib/gcc/x86_64-pc-linux-gnu/4.7.3/../../../../lib64/crt1.o] ==> ignore
    arg [/usr/lib/gcc/x86_64-pc-linux-gnu/4.7.3/../../../../lib64/crti.o] ==> ignore
    arg [/usr/lib/gcc/x86_64-pc-linux-gnu/4.7.3/crtbegin.o] ==> ignore
    arg [-L/usr/lib/gcc/x86_64-pc-linux-gnu/4.7.3] ==> dir [/usr/lib/gcc/x86_64-pc-linux-gnu/4.7.3]
    arg [-L/usr/lib/gcc/x86_64-pc-linux-gnu/4.7.3/../../../../lib64] ==> dir [/usr/lib/gcc/x86_64-pc-linux-gnu/4.7.3/../../../../lib64]
    arg [-L/lib/../lib64] ==> dir [/lib/../lib64]
    arg [-L/usr/lib/../lib64] ==> dir [/usr/lib/../lib64]
    arg [-L/usr/lib/gcc/x86_64-pc-linux-gnu/4.7.3/../../../../x86_64-pc-linux-gnu/lib] ==> dir [/usr/lib/gcc/x86_64-pc-linux-gnu/4.7.3/../../../../x86_64-pc-linux-gnu/lib]
    arg [-L/usr/lib/gcc/x86_64-pc-linux-gnu/4.7.3/../../..] ==> dir [/usr/lib/gcc/x86_64-pc-linux-gnu/4.7.3/../../..]
    arg [CMakeFiles/cmTryCompileExec3240950255.dir/CMakeCXXCompilerABI.cpp.o] ==> ignore
    arg [-lstdc++] ==> lib [stdc++]
    arg [-lm] ==> lib [m]
    arg [-lgcc_s] ==> lib [gcc_s]
    arg [-lgcc] ==> lib [gcc]
    arg [-lc] ==> lib [c]
    arg [-lgcc_s] ==> lib [gcc_s]
    arg [-lgcc] ==> lib [gcc]
    arg [/usr/lib/gcc/x86_64-pc-linux-gnu/4.7.3/crtend.o] ==> ignore
    arg [/usr/lib/gcc/x86_64-pc-linux-gnu/4.7.3/../../../../lib64/crtn.o] ==> ignore
  remove lib [gcc_s]
  remove lib [gcc]
  remove lib [gcc_s]
  remove lib [gcc]
  collapse library dir [/usr/lib/gcc/x86_64-pc-linux-gnu/4.7.3] ==> [/usr/lib/gcc/x86_64-pc-linux-gnu/4.7.3]
  collapse library dir [/usr/lib/gcc/x86_64-pc-linux-gnu/4.7.3/../../../../lib64] ==> [/usr/lib64]
  collapse library dir [/lib/../lib64] ==> [/lib64]
  collapse library dir [/usr/lib/../lib64] ==> [/usr/lib64]
  collapse library dir [/usr/lib/gcc/x86_64-pc-linux-gnu/4.7.3/../../../../x86_64-pc-linux-gnu/lib] ==> [/usr/x86_64-pc-linux-gnu/lib]
  collapse library dir [/usr/lib/gcc/x86_64-pc-linux-gnu/4.7.3/../../..] ==> [/usr/lib]
  implicit libs: [stdc++;m;c]
  implicit dirs: [/usr/lib/gcc/x86_64-pc-linux-gnu/4.7.3;/usr/lib64;/lib64;/usr/x86_64-pc-linux-gnu/lib;/usr/lib]
  implicit fwks: []


Performing C++ SOURCE FILE Test R-Wall succeded with the following output:
Change Dir: /home/mylxiaoyi/ros_catkin_ws/src/osrf-sdformat-3b14107b84ed/build/CMakeFiles/CMakeTmp

Run Build Command:/usr/bin/gmake "cmTryCompileExec1722740508/fast"
/usr/bin/gmake -f CMakeFiles/cmTryCompileExec1722740508.dir/build.make CMakeFiles/cmTryCompileExec1722740508.dir/build
gmake[1]: Entering directory '/home/mylxiaoyi/ros_catkin_ws/src/osrf-sdformat-3b14107b84ed/build/CMakeFiles/CMakeTmp'
/usr/bin/cmake -E cmake_progress_report /home/mylxiaoyi/ros_catkin_ws/src/osrf-sdformat-3b14107b84ed/build/CMakeFiles/CMakeTmp/CMakeFiles 1
Building CXX object CMakeFiles/cmTryCompileExec1722740508.dir/src.cxx.o
/usr/bin/c++    -DR-Wall   -Wall -o CMakeFiles/cmTryCompileExec1722740508.dir/src.cxx.o -c /home/mylxiaoyi/ros_catkin_ws/src/osrf-sdformat-3b14107b84ed/build/CMakeFiles/CMakeTmp/src.cxx
<command-line>:0:2: warning: missing whitespace after the macro name [enabled by default]
Linking CXX executable cmTryCompileExec1722740508
/usr/bin/cmake -E cmake_link_script CMakeFiles/cmTryCompileExec1722740508.dir/link.txt --verbose=1
/usr/bin/c++    -DR-Wall    CMakeFiles/cmTryCompileExec1722740508.dir/src.cxx.o  -o cmTryCompileExec1722740508 -rdynamic 
gmake[1]: Leaving directory '/home/mylxiaoyi/ros_catkin_ws/src/osrf-sdformat-3b14107b84ed/build/CMakeFiles/CMakeTmp'

Source file was:
int main() { return 0;}
Performing C++ SOURCE FILE Test R-Wextra succeded with the following output:
Change Dir: /home/mylxiaoyi/ros_catkin_ws/src/osrf-sdformat-3b14107b84ed/build/CMakeFiles/CMakeTmp

Run Build Command:/usr/bin/gmake "cmTryCompileExec4086079427/fast"
/usr/bin/gmake -f CMakeFiles/cmTryCompileExec4086079427.dir/build.make CMakeFiles/cmTryCompileExec4086079427.dir/build
gmake[1]: Entering directory '/home/mylxiaoyi/ros_catkin_ws/src/osrf-sdformat-3b14107b84ed/build/CMakeFiles/CMakeTmp'
/usr/bin/cmake -E cmake_progress_report /home/mylxiaoyi/ros_catkin_ws/src/osrf-sdformat-3b14107b84ed/build/CMakeFiles/CMakeTmp/CMakeFiles 1
Building CXX object CMakeFiles/cmTryCompileExec4086079427.dir/src.cxx.o
/usr/bin/c++    -DR-Wextra   -Wextra -o CMakeFiles/cmTryCompileExec4086079427.dir/src.cxx.o -c /home/mylxiaoyi/ros_catkin_ws/src/osrf-sdformat-3b14107b84ed/build/CMakeFiles/CMakeTmp/src.cxx
<command-line>:0:2: warning: missing whitespace after the macro name [enabled by default]
Linking CXX executable cmTryCompileExec4086079427
/usr/bin/cmake -E cmake_link_script CMakeFiles/cmTryCompileExec4086079427.dir/link.txt --verbose=1
/usr/bin/c++    -DR-Wextra    CMakeFiles/cmTryCompileExec4086079427.dir/src.cxx.o  -o cmTryCompileExec4086079427 -rdynamic 
gmake[1]: Leaving directory '/home/mylxiaoyi/ros_catkin_ws/src/osrf-sdformat-3b14107b84ed/build/CMakeFiles/CMakeTmp'

Source file was:
int main() { return 0;}
Performing C++ SOURCE FILE Test R-Wno-long-long succeded with the following output:
Change Dir: /home/mylxiaoyi/ros_catkin_ws/src/osrf-sdformat-3b14107b84ed/build/CMakeFiles/CMakeTmp

Run Build Command:/usr/bin/gmake "cmTryCompileExec248461368/fast"
/usr/bin/gmake -f CMakeFiles/cmTryCompileExec248461368.dir/build.make CMakeFiles/cmTryCompileExec248461368.dir/build
gmake[1]: Entering directory '/home/mylxiaoyi/ros_catkin_ws/src/osrf-sdformat-3b14107b84ed/build/CMakeFiles/CMakeTmp'
/usr/bin/cmake -E cmake_progress_report /home/mylxiaoyi/ros_catkin_ws/src/osrf-sdformat-3b14107b84ed/build/CMakeFiles/CMakeTmp/CMakeFiles 1
Building CXX object CMakeFiles/cmTryCompileExec248461368.dir/src.cxx.o
/usr/bin/c++    -DR-Wno-long-long   -Wno-long-long -o CMakeFiles/cmTryCompileExec248461368.dir/src.cxx.o -c /home/mylxiaoyi/ros_catkin_ws/src/osrf-sdformat-3b14107b84ed/build/CMakeFiles/CMakeTmp/src.cxx
<command-line>:0:2: warning: missing whitespace after the macro name [enabled by default]
Linking CXX executable cmTryCompileExec248461368
/usr/bin/cmake -E cmake_link_script CMakeFiles/cmTryCompileExec248461368.dir/link.txt --verbose=1
/usr/bin/c++    -DR-Wno-long-long    CMakeFiles/cmTryCompileExec248461368.dir/src.cxx.o  -o cmTryCompileExec248461368 -rdynamic 
gmake[1]: Leaving directory '/home/mylxiaoyi/ros_catkin_ws/src/osrf-sdformat-3b14107b84ed/build/CMakeFiles/CMakeTmp'

Source file was:
int main() { return 0;}
Performing C++ SOURCE FILE Test R-Wno-unused-value succeded with the following output:
Change Dir: /home/mylxiaoyi/ros_catkin_ws/src/osrf-sdformat-3b14107b84ed/build/CMakeFiles/CMakeTmp

Run Build Command:/usr/bin/gmake "cmTryCompileExec2028117505/fast"
/usr/bin/gmake -f CMakeFiles/cmTryCompileExec2028117505.dir/build.make CMakeFiles/cmTryCompileExec2028117505.dir/build
gmake[1]: Entering directory '/home/mylxiaoyi/ros_catkin_ws/src/osrf-sdformat-3b14107b84ed/build/CMakeFiles/CMakeTmp'
/usr/bin/cmake -E cmake_progress_report /home/mylxiaoyi/ros_catkin_ws/src/osrf-sdformat-3b14107b84ed/build/CMakeFiles/CMakeTmp/CMakeFiles 1
Building CXX object CMakeFiles/cmTryCompileExec2028117505.dir/src.cxx.o
/usr/bin/c++    -DR-Wno-unused-value   -Wno-unused-value -o CMakeFiles/cmTryCompileExec2028117505.dir/src.cxx.o -c /home/mylxiaoyi/ros_catkin_ws/src/osrf-sdformat-3b14107b84ed/build/CMakeFiles/CMakeTmp/src.cxx
<command-line>:0:2: warning: missing whitespace after the macro name [enabled by default]
Linking CXX executable cmTryCompileExec2028117505
/usr/bin/cmake -E cmake_link_script CMakeFiles/cmTryCompileExec2028117505.dir/link.txt --verbose=1
/usr/bin/c++    -DR-Wno-unused-value    CMakeFiles/cmTryCompileExec2028117505.dir/src.cxx.o  -o cmTryCompileExec2028117505 -rdynamic 
gmake[1]: Leaving directory '/home/mylxiaoyi/ros_catkin_ws/src/osrf-sdformat-3b14107b84ed/build/CMakeFiles/CMakeTmp'

Source file was:
int main() { return 0;}
Performing C++ SOURCE FILE Test R-Wfloat-equal succeded with the following output:
Change Dir: /home/mylxiaoyi/ros_catkin_ws/src/osrf-sdformat-3b14107b84ed/build/CMakeFiles/CMakeTmp

Run Build Command:/usr/bin/gmake "cmTryCompileExec526482505/fast"
/usr/bin/gmake -f CMakeFiles/cmTryCompileExec526482505.dir/build.make CMakeFiles/cmTryCompileExec526482505.dir/build
gmake[1]: Entering directory '/home/mylxiaoyi/ros_catkin_ws/src/osrf-sdformat-3b14107b84ed/build/CMakeFiles/CMakeTmp'
/usr/bin/cmake -E cmake_progress_report /home/mylxiaoyi/ros_catkin_ws/src/osrf-sdformat-3b14107b84ed/build/CMakeFiles/CMakeTmp/CMakeFiles 1
Building CXX object CMakeFiles/cmTryCompileExec526482505.dir/src.cxx.o
/usr/bin/c++    -DR-Wfloat-equal   -Wfloat-equal -o CMakeFiles/cmTryCompileExec526482505.dir/src.cxx.o -c /home/mylxiaoyi/ros_catkin_ws/src/osrf-sdformat-3b14107b84ed/build/CMakeFiles/CMakeTmp/src.cxx
<command-line>:0:2: warning: missing whitespace after the macro name [enabled by default]
Linking CXX executable cmTryCompileExec526482505
/usr/bin/cmake -E cmake_link_script CMakeFiles/cmTryCompileExec526482505.dir/link.txt --verbose=1
/usr/bin/c++    -DR-Wfloat-equal    CMakeFiles/cmTryCompileExec526482505.dir/src.cxx.o  -o cmTryCompileExec526482505 -rdynamic 
gmake[1]: Leaving directory '/home/mylxiaoyi/ros_catkin_ws/src/osrf-sdformat-3b14107b84ed/build/CMakeFiles/CMakeTmp'

Source file was:
int main() { return 0;}
Performing C++ SOURCE FILE Test R-Wshadow succeded with the following output:
Change Dir: /home/mylxiaoyi/ros_catkin_ws/src/osrf-sdformat-3b14107b84ed/build/CMakeFiles/CMakeTmp

Run Build Command:/usr/bin/gmake "cmTryCompileExec367986203/fast"
/usr/bin/gmake -f CMakeFiles/cmTryCompileExec367986203.dir/build.make CMakeFiles/cmTryCompileExec367986203.dir/build
gmake[1]: Entering directory '/home/mylxiaoyi/ros_catkin_ws/src/osrf-sdformat-3b14107b84ed/build/CMakeFiles/CMakeTmp'
/usr/bin/cmake -E cmake_progress_report /home/mylxiaoyi/ros_catkin_ws/src/osrf-sdformat-3b14107b84ed/build/CMakeFiles/CMakeTmp/CMakeFiles 1
Building CXX object CMakeFiles/cmTryCompileExec367986203.dir/src.cxx.o
/usr/bin/c++    -DR-Wshadow   -Wshadow -o CMakeFiles/cmTryCompileExec367986203.dir/src.cxx.o -c /home/mylxiaoyi/ros_catkin_ws/src/osrf-sdformat-3b14107b84ed/build/CMakeFiles/CMakeTmp/src.cxx
<command-line>:0:2: warning: missing whitespace after the macro name [enabled by default]
Linking CXX executable cmTryCompileExec367986203
/usr/bin/cmake -E cmake_link_script CMakeFiles/cmTryCompileExec367986203.dir/link.txt --verbose=1
/usr/bin/c++    -DR-Wshadow    CMakeFiles/cmTryCompileExec367986203.dir/src.cxx.o  -o cmTryCompileExec367986203 -rdynamic 
gmake[1]: Leaving directory '/home/mylxiaoyi/ros_catkin_ws/src/osrf-sdformat-3b14107b84ed/build/CMakeFiles/CMakeTmp'

Source file was:
int main() { return 0;}
Performing C++ SOURCE FILE Test R-Winit-self succeded with the following output:
Change Dir: /home/mylxiaoyi/ros_catkin_ws/src/osrf-sdformat-3b14107b84ed/build/CMakeFiles/CMakeTmp

Run Build Command:/usr/bin/gmake "cmTryCompileExec479026515/fast"
/usr/bin/gmake -f CMakeFiles/cmTryCompileExec479026515.dir/build.make CMakeFiles/cmTryCompileExec479026515.dir/build
gmake[1]: Entering directory '/home/mylxiaoyi/ros_catkin_ws/src/osrf-sdformat-3b14107b84ed/build/CMakeFiles/CMakeTmp'
/usr/bin/cmake -E cmake_progress_report /home/mylxiaoyi/ros_catkin_ws/src/osrf-sdformat-3b14107b84ed/build/CMakeFiles/CMakeTmp/CMakeFiles 1
Building CXX object CMakeFiles/cmTryCompileExec479026515.dir/src.cxx.o
/usr/bin/c++    -DR-Winit-self   -Winit-self -o CMakeFiles/cmTryCompileExec479026515.dir/src.cxx.o -c /home/mylxiaoyi/ros_catkin_ws/src/osrf-sdformat-3b14107b84ed/build/CMakeFiles/CMakeTmp/src.cxx
<command-line>:0:2: warning: missing whitespace after the macro name [enabled by default]
Linking CXX executable cmTryCompileExec479026515
/usr/bin/cmake -E cmake_link_script CMakeFiles/cmTryCompileExec479026515.dir/link.txt --verbose=1
/usr/bin/c++    -DR-Winit-self    CMakeFiles/cmTryCompileExec479026515.dir/src.cxx.o  -o cmTryCompileExec479026515 -rdynamic 
gmake[1]: Leaving directory '/home/mylxiaoyi/ros_catkin_ws/src/osrf-sdformat-3b14107b84ed/build/CMakeFiles/CMakeTmp'

Source file was:
int main() { return 0;}
Performing C++ SOURCE FILE Test R-Wswitch-default succeded with the following output:
Change Dir: /home/mylxiaoyi/ros_catkin_ws/src/osrf-sdformat-3b14107b84ed/build/CMakeFiles/CMakeTmp

Run Build Command:/usr/bin/gmake "cmTryCompileExec4114821312/fast"
/usr/bin/gmake -f CMakeFiles/cmTryCompileExec4114821312.dir/build.make CMakeFiles/cmTryCompileExec4114821312.dir/build
gmake[1]: Entering directory '/home/mylxiaoyi/ros_catkin_ws/src/osrf-sdformat-3b14107b84ed/build/CMakeFiles/CMakeTmp'
/usr/bin/cmake -E cmake_progress_report /home/mylxiaoyi/ros_catkin_ws/src/osrf-sdformat-3b14107b84ed/build/CMakeFiles/CMakeTmp/CMakeFiles 1
Building CXX object CMakeFiles/cmTryCompileExec4114821312.dir/src.cxx.o
/usr/bin/c++    -DR-Wswitch-default   -Wswitch-default -o CMakeFiles/cmTryCompileExec4114821312.dir/src.cxx.o -c /home/mylxiaoyi/ros_catkin_ws/src/osrf-sdformat-3b14107b84ed/build/CMakeFiles/CMakeTmp/src.cxx
<command-line>:0:2: warning: missing whitespace after the macro name [enabled by default]
Linking CXX executable cmTryCompileExec4114821312
/usr/bin/cmake -E cmake_link_script CMakeFiles/cmTryCompileExec4114821312.dir/link.txt --verbose=1
/usr/bin/c++    -DR-Wswitch-default    CMakeFiles/cmTryCompileExec4114821312.dir/src.cxx.o  -o cmTryCompileExec4114821312 -rdynamic 
gmake[1]: Leaving directory '/home/mylxiaoyi/ros_catkin_ws/src/osrf-sdformat-3b14107b84ed/build/CMakeFiles/CMakeTmp'

Source file was:
int main() { return 0;}
Performing C++ SOURCE FILE Test R-Wmissing-include-dirs succeded with the following output:
Change Dir: /home/mylxiaoyi/ros_catkin_ws/src/osrf-sdformat-3b14107b84ed/build/CMakeFiles/CMakeTmp

Run Build Command:/usr/bin/gmake "cmTryCompileExec2699545738/fast"
/usr/bin/gmake -f CMakeFiles/cmTryCompileExec2699545738.dir/build.make CMakeFiles/cmTryCompileExec2699545738.dir/build
gmake[1]: Entering directory '/home/mylxiaoyi/ros_catkin_ws/src/osrf-sdformat-3b14107b84ed/build/CMakeFiles/CMakeTmp'
/usr/bin/cmake -E cmake_progress_report /home/mylxiaoyi/ros_catkin_ws/src/osrf-sdformat-3b14107b84ed/build/CMakeFiles/CMakeTmp/CMakeFiles 1
Building CXX object CMakeFiles/cmTryCompileExec2699545738.dir/src.cxx.o
/usr/bin/c++    -DR-Wmissing-include-dirs   -Wmissing-include-dirs -o CMakeFiles/cmTryCompileExec2699545738.dir/src.cxx.o -c /home/mylxiaoyi/ros_catkin_ws/src/osrf-sdformat-3b14107b84ed/build/CMakeFiles/CMakeTmp/src.cxx
<command-line>:0:2: warning: missing whitespace after the macro name [enabled by default]
Linking CXX executable cmTryCompileExec2699545738
/usr/bin/cmake -E cmake_link_script CMakeFiles/cmTryCompileExec2699545738.dir/link.txt --verbose=1
/usr/bin/c++    -DR-Wmissing-include-dirs    CMakeFiles/cmTryCompileExec2699545738.dir/src.cxx.o  -o cmTryCompileExec2699545738 -rdynamic 
gmake[1]: Leaving directory '/home/mylxiaoyi/ros_catkin_ws/src/osrf-sdformat-3b14107b84ed/build/CMakeFiles/CMakeTmp'

Source file was:
int main() { return 0;}
Performing C++ SOURCE FILE Test R-pedantic succeded with the following output:
Change Dir: /home/mylxiaoyi/ros_catkin_ws/src/osrf-sdformat-3b14107b84ed/build/CMakeFiles/CMakeTmp

Run Build Command:/usr/bin/gmake "cmTryCompileExec1092616246/fast"
/usr/bin/gmake -f CMakeFiles/cmTryCompileExec1092616246.dir/build.make CMakeFiles/cmTryCompileExec1092616246.dir/build
gmake[1]: Entering directory '/home/mylxiaoyi/ros_catkin_ws/src/osrf-sdformat-3b14107b84ed/build/CMakeFiles/CMakeTmp'
/usr/bin/cmake -E cmake_progress_report /home/mylxiaoyi/ros_catkin_ws/src/osrf-sdformat-3b14107b84ed/build/CMakeFiles/CMakeTmp/CMakeFiles 1
Building CXX object CMakeFiles/cmTryCompileExec1092616246.dir/src.cxx.o
/usr/bin/c++    -DR-pedantic   -pedantic -o CMakeFiles/cmTryCompileExec1092616246.dir/src.cxx.o -c /home/mylxiaoyi/ros_catkin_ws/src/osrf-sdformat-3b14107b84ed/build/CMakeFiles/CMakeTmp/src.cxx
<command-line>:0:2: warning: missing whitespace after the macro name [enabled by default]
Linking CXX executable cmTryCompileExec1092616246
/usr/bin/cmake -E cmake_link_script CMakeFiles/cmTryCompileExec1092616246.dir/link.txt --verbose=1
/usr/bin/c++    -DR-pedantic    CMakeFiles/cmTryCompileExec1092616246.dir/src.cxx.o  -o cmTryCompileExec1092616246 -rdynamic 
gmake[1]: Leaving directory '/home/mylxiaoyi/ros_catkin_ws/src/osrf-sdformat-3b14107b84ed/build/CMakeFiles/CMakeTmp'

Source file was:
int main() { return 0;}
Performing C++ SOURCE FILE Test GCC_SUPPORTS_VISIBILITY succeded with the following output:
Change Dir: /home/mylxiaoyi/ros_catkin_ws/src/osrf-sdformat-3b14107b84ed/build/CMakeFiles/CMakeTmp

Run Build Command:/usr/bin/gmake "cmTryCompileExec1909773400/fast"
/usr/bin/gmake -f CMakeFiles/cmTryCompileExec1909773400.dir/build.make CMakeFiles/cmTryCompileExec1909773400.dir/build
gmake[1]: Entering directory '/home/mylxiaoyi/ros_catkin_ws/src/osrf-sdformat-3b14107b84ed/build/CMakeFiles/CMakeTmp'
/usr/bin/cmake -E cmake_progress_report /home/mylxiaoyi/ros_catkin_ws/src/osrf-sdformat-3b14107b84ed/build/CMakeFiles/CMakeTmp/CMakeFiles 1
Building CXX object CMakeFiles/cmTryCompileExec1909773400.dir/src.cxx.o
/usr/bin/c++    -DGCC_SUPPORTS_VISIBILITY   -fvisibility=hidden -o CMakeFiles/cmTryCompileExec1909773400.dir/src.cxx.o -c /home/mylxiaoyi/ros_catkin_ws/src/osrf-sdformat-3b14107b84ed/build/CMakeFiles/CMakeTmp/src.cxx
Linking CXX executable cmTryCompileExec1909773400
/usr/bin/cmake -E cmake_link_script CMakeFiles/cmTryCompileExec1909773400.dir/link.txt --verbose=1
/usr/bin/c++    -DGCC_SUPPORTS_VISIBILITY    CMakeFiles/cmTryCompileExec1909773400.dir/src.cxx.o  -o cmTryCompileExec1909773400 -rdynamic 
gmake[1]: Leaving directory '/home/mylxiaoyi/ros_catkin_ws/src/osrf-sdformat-3b14107b84ed/build/CMakeFiles/CMakeTmp'

Source file was:
int main() { return 0;}
